000 (8035.000.000) 04/24 11:58:11 Job submitted from host: <192.168.100.49:9618?addrs=192.168.100.49-9618&noUDP&sock=232438_b68e_3>
...
001 (8035.000.000) 04/24 11:58:12 Job executing on host: <192.168.100.61:9618?addrs=192.168.100.61-9618&noUDP&sock=2065_ff28_4>
...
006 (8035.000.000) 04/24 11:58:21 Image size of job updated: 87664
	86  -  MemoryUsage of job (MB)
	87664  -  ResidentSetSize of job (KB)
...
006 (8035.000.000) 04/24 12:03:21 Image size of job updated: 436916
	427  -  MemoryUsage of job (MB)
	436912  -  ResidentSetSize of job (KB)
...
006 (8035.000.000) 04/24 12:08:21 Image size of job updated: 438232
	428  -  MemoryUsage of job (MB)
	438228  -  ResidentSetSize of job (KB)
...
006 (8035.000.000) 04/24 12:12:51 Image size of job updated: 463424
	428  -  MemoryUsage of job (MB)
	438228  -  ResidentSetSize of job (KB)
...
005 (8035.000.000) 04/24 12:12:51 Job terminated.
	(1) Normal termination (return value 0)
		Usr 0 00:51:20, Sys 0 00:00:55  -  Run Remote Usage
		Usr 0 00:00:00, Sys 0 00:00:00  -  Run Local Usage
		Usr 0 00:51:20, Sys 0 00:00:55  -  Total Remote Usage
		Usr 0 00:00:00, Sys 0 00:00:00  -  Total Local Usage
	0  -  Run Bytes Sent By Job
	0  -  Run Bytes Received By Job
	0  -  Total Bytes Sent By Job
	0  -  Total Bytes Received By Job
	Partitionable Resources :    Usage  Request Allocated 
	   Cpus                 :                 4         4 
	   Disk (KB)            :        1        1     10475 
	   Gpus                 :                 1         1 
	   Memory (MB)          :      428     8192      8192 
...
