000 (8036.000.000) 04/24 12:03:13 Job submitted from host: <192.168.100.49:9618?addrs=192.168.100.49-9618&noUDP&sock=232438_b68e_3>
...
001 (8036.000.000) 04/24 12:03:33 Job executing on host: <192.168.100.61:9618?addrs=192.168.100.61-9618&noUDP&sock=2065_ff28_4>
...
006 (8036.000.000) 04/24 12:03:41 Image size of job updated: 208816
	204  -  MemoryUsage of job (MB)
	208816  -  ResidentSetSize of job (KB)
...
006 (8036.000.000) 04/24 12:03:53 Image size of job updated: 1172712
	205  -  MemoryUsage of job (MB)
	209028  -  ResidentSetSize of job (KB)
...
005 (8036.000.000) 04/24 12:03:53 Job terminated.
	(1) Normal termination (return value 0)
		Usr 0 00:00:18, Sys 0 00:00:03  -  Run Remote Usage
		Usr 0 00:00:00, Sys 0 00:00:00  -  Run Local Usage
		Usr 0 00:00:18, Sys 0 00:00:03  -  Total Remote Usage
		Usr 0 00:00:00, Sys 0 00:00:00  -  Total Local Usage
	0  -  Run Bytes Sent By Job
	0  -  Run Bytes Received By Job
	0  -  Total Bytes Sent By Job
	0  -  Total Bytes Received By Job
	Partitionable Resources :    Usage  Request Allocated 
	   Cpus                 :                 4         4 
	   Disk (KB)            :        1        1     10475 
	   Gpus                 :                 1         1 
	   Memory (MB)          :      205     8192      8192 
...
000 (8039.000.000) 04/24 12:05:41 Job submitted from host: <192.168.100.49:9618?addrs=192.168.100.49-9618&noUDP&sock=232438_b68e_3>
...
001 (8039.000.000) 04/24 12:05:42 Job executing on host: <192.168.100.61:9618?addrs=192.168.100.61-9618&noUDP&sock=2065_ff28_4>
...
006 (8039.000.000) 04/24 12:05:51 Image size of job updated: 258264
	253  -  MemoryUsage of job (MB)
	258264  -  ResidentSetSize of job (KB)
...
006 (8039.000.000) 04/24 12:10:43 Image size of job updated: 1948412
	253  -  MemoryUsage of job (MB)
	258264  -  ResidentSetSize of job (KB)
...
005 (8039.000.000) 04/24 12:10:43 Job terminated.
	(1) Normal termination (return value 0)
		Usr 0 00:17:54, Sys 0 00:00:09  -  Run Remote Usage
		Usr 0 00:00:00, Sys 0 00:00:00  -  Run Local Usage
		Usr 0 00:17:54, Sys 0 00:00:09  -  Total Remote Usage
		Usr 0 00:00:00, Sys 0 00:00:00  -  Total Local Usage
	0  -  Run Bytes Sent By Job
	0  -  Run Bytes Received By Job
	0  -  Total Bytes Sent By Job
	0  -  Total Bytes Received By Job
	Partitionable Resources :    Usage  Request Allocated 
	   Cpus                 :                 4         4 
	   Disk (KB)            :        1        1     10475 
	   Gpus                 :                 1         1 
	   Memory (MB)          :      253     8192      8192 
...
