000 (8138.000.000) 04/25 11:02:43 Job submitted from host: <192.168.100.49:9618?addrs=192.168.100.49-9618&noUDP&sock=232438_b68e_3>
...
001 (8138.000.000) 04/25 11:02:51 Job executing on host: <192.168.100.61:9618?addrs=192.168.100.61-9618&noUDP&sock=2065_ff28_4>
...
006 (8138.000.000) 04/25 11:02:59 Image size of job updated: 182640
	140  -  MemoryUsage of job (MB)
	142876  -  ResidentSetSize of job (KB)
...
006 (8138.000.000) 04/25 11:03:13 Image size of job updated: 1513944
	140  -  MemoryUsage of job (MB)
	142956  -  ResidentSetSize of job (KB)
...
005 (8138.000.000) 04/25 11:03:13 Job terminated.
	(1) Normal termination (return value 0)
		Usr 0 00:00:09, Sys 0 00:00:02  -  Run Remote Usage
		Usr 0 00:00:00, Sys 0 00:00:00  -  Run Local Usage
		Usr 0 00:00:09, Sys 0 00:00:02  -  Total Remote Usage
		Usr 0 00:00:00, Sys 0 00:00:00  -  Total Local Usage
	0  -  Run Bytes Sent By Job
	0  -  Run Bytes Received By Job
	0  -  Total Bytes Sent By Job
	0  -  Total Bytes Received By Job
	Partitionable Resources :    Usage  Request Allocated 
	   Cpus                 :                 4         4 
	   Disk (KB)            :        1        1     10475 
	   Gpus                 :                 1         1 
	   Memory (MB)          :      140     8192      8192 
...
000 (8139.000.000) 04/25 11:05:14 Job submitted from host: <192.168.100.49:9618?addrs=192.168.100.49-9618&noUDP&sock=232438_b68e_3>
...
001 (8139.000.000) 04/25 11:05:14 Job executing on host: <192.168.100.61:9618?addrs=192.168.100.61-9618&noUDP&sock=2065_ff28_4>
...
006 (8139.000.000) 04/25 11:05:24 Image size of job updated: 214108
	210  -  MemoryUsage of job (MB)
	214108  -  ResidentSetSize of job (KB)
...
006 (8139.000.000) 04/25 11:07:02 Image size of job updated: 1976136
	210  -  MemoryUsage of job (MB)
	214120  -  ResidentSetSize of job (KB)
...
005 (8139.000.000) 04/25 11:07:02 Job terminated.
	(1) Normal termination (return value 0)
		Usr 0 00:05:39, Sys 0 00:00:07  -  Run Remote Usage
		Usr 0 00:00:00, Sys 0 00:00:00  -  Run Local Usage
		Usr 0 00:05:39, Sys 0 00:00:07  -  Total Remote Usage
		Usr 0 00:00:00, Sys 0 00:00:00  -  Total Local Usage
	0  -  Run Bytes Sent By Job
	0  -  Run Bytes Received By Job
	0  -  Total Bytes Sent By Job
	0  -  Total Bytes Received By Job
	Partitionable Resources :    Usage  Request Allocated 
	   Cpus                 :                 4         4 
	   Disk (KB)            :        1        1     10475 
	   Gpus                 :                 1         1 
	   Memory (MB)          :      210     8192      8192 
...
000 (8140.000.000) 04/25 12:08:26 Job submitted from host: <192.168.100.49:9618?addrs=192.168.100.49-9618&noUDP&sock=232438_b68e_3>
...
001 (8140.000.000) 04/25 12:08:30 Job executing on host: <192.168.100.61:9618?addrs=192.168.100.61-9618&noUDP&sock=2065_ff28_4>
...
006 (8140.000.000) 04/25 12:08:38 Image size of job updated: 212868
	208  -  MemoryUsage of job (MB)
	212868  -  ResidentSetSize of job (KB)
...
006 (8140.000.000) 04/25 12:10:17 Image size of job updated: 2035812
	208  -  MemoryUsage of job (MB)
	212920  -  ResidentSetSize of job (KB)
...
005 (8140.000.000) 04/25 12:10:17 Job terminated.
	(1) Normal termination (return value 0)
		Usr 0 00:05:40, Sys 0 00:00:07  -  Run Remote Usage
		Usr 0 00:00:00, Sys 0 00:00:00  -  Run Local Usage
		Usr 0 00:05:40, Sys 0 00:00:07  -  Total Remote Usage
		Usr 0 00:00:00, Sys 0 00:00:00  -  Total Local Usage
	0  -  Run Bytes Sent By Job
	0  -  Run Bytes Received By Job
	0  -  Total Bytes Sent By Job
	0  -  Total Bytes Received By Job
	Partitionable Resources :    Usage  Request Allocated 
	   Cpus                 :                 4         4 
	   Disk (KB)            :        1        1     10475 
	   Gpus                 :                 1         1 
	   Memory (MB)          :      208     8192      8192 
...
000 (8141.000.000) 04/25 12:13:35 Job submitted from host: <192.168.100.49:9618?addrs=192.168.100.49-9618&noUDP&sock=232438_b68e_3>
...
001 (8141.000.000) 04/25 12:13:51 Job executing on host: <192.168.100.84:9618?addrs=192.168.100.84-9618&noUDP&sock=1987_7ec5_4>
...
006 (8141.000.000) 04/25 12:13:59 Image size of job updated: 52276
	24  -  MemoryUsage of job (MB)
	24324  -  ResidentSetSize of job (KB)
...
006 (8141.000.000) 04/25 12:17:02 Image size of job updated: 2075568
	24  -  MemoryUsage of job (MB)
	24324  -  ResidentSetSize of job (KB)
...
005 (8141.000.000) 04/25 12:17:02 Job terminated.
	(1) Normal termination (return value 0)
		Usr 0 00:05:34, Sys 0 00:00:15  -  Run Remote Usage
		Usr 0 00:00:00, Sys 0 00:00:00  -  Run Local Usage
		Usr 0 00:05:34, Sys 0 00:00:15  -  Total Remote Usage
		Usr 0 00:00:00, Sys 0 00:00:00  -  Total Local Usage
	0  -  Run Bytes Sent By Job
	0  -  Run Bytes Received By Job
	0  -  Total Bytes Sent By Job
	0  -  Total Bytes Received By Job
	Partitionable Resources :    Usage  Request Allocated 
	   Cpus                 :                 4         4 
	   Disk (KB)            :        1        1    555367 
	   Gpus                 :                 1         1 
	   Memory (MB)          :       24     8192      8192 
...
000 (8142.000.000) 04/25 12:19:09 Job submitted from host: <192.168.100.49:9618?addrs=192.168.100.49-9618&noUDP&sock=232438_b68e_3>
...
001 (8142.000.000) 04/25 12:19:11 Job executing on host: <192.168.100.61:9618?addrs=192.168.100.61-9618&noUDP&sock=2065_ff28_4>
...
006 (8142.000.000) 04/25 12:19:20 Image size of job updated: 205324
	190  -  MemoryUsage of job (MB)
	194304  -  ResidentSetSize of job (KB)
...
006 (8142.000.000) 04/25 12:21:19 Image size of job updated: 2030964
	190  -  MemoryUsage of job (MB)
	194320  -  ResidentSetSize of job (KB)
...
005 (8142.000.000) 04/25 12:21:19 Job terminated.
	(1) Normal termination (return value 0)
		Usr 0 00:06:02, Sys 0 00:00:09  -  Run Remote Usage
		Usr 0 00:00:00, Sys 0 00:00:00  -  Run Local Usage
		Usr 0 00:06:02, Sys 0 00:00:09  -  Total Remote Usage
		Usr 0 00:00:00, Sys 0 00:00:00  -  Total Local Usage
	0  -  Run Bytes Sent By Job
	0  -  Run Bytes Received By Job
	0  -  Total Bytes Sent By Job
	0  -  Total Bytes Received By Job
	Partitionable Resources :    Usage  Request Allocated 
	   Cpus                 :                 4         4 
	   Disk (KB)            :        1        1     10475 
	   Gpus                 :                 1         1 
	   Memory (MB)          :      190     8192      8192 
...
